<?xml version="1.0" encoding="UTF-8"?>
<testsuite name="kojoo.java.algorithm.programmers.test.NHNGame1Test" tests="1" skipped="0" failures="0" errors="0" timestamp="2022-05-29T07:07:46" hostname="gojuyeong-ui-MacBookPro.local" time="0.019">
  <properties/>
  <testcase name="testSolution()" classname="kojoo.java.algorithm.programmers.test.NHNGame1Test" time="0.019"/>
  <system-out><![CDATA[]]></system-out>
  <system-err><![CDATA[]]></system-err>
</testsuite>
